<?xml version="1.0" encoding="UTF-8"?>
<testng-results ignored="0" total="7" passed="6" failed="0" skipped="1">
  <reporter-output>
  </reporter-output>
  <suite started-at="2022-08-07T10:35:37 EET" name="Google Search automation app" finished-at="2022-08-07T10:36:59 EET" duration-ms="82194">
    <groups>
    </groups>
    <test started-at="2022-08-07T10:35:37 EET" name="automation task test cases" finished-at="2022-08-07T10:36:59 EET" duration-ms="82194">
      <class name="testcases.GoogleMainPageTest">
        <test-method is-config="true" signature="setup()[pri:0, instance:testcases.GoogleMainPageTest@1a84f40f]" started-at="2022-08-07T10:35:37 EET" name="setup" finished-at="2022-08-07T10:35:46 EET" duration-ms="8872" status="PASS">
          <reporter-output>
          </reporter-output>
        </test-method> <!-- setup -->
        <test-method signature="GooglePageTitle()[pri:1, instance:testcases.GoogleMainPageTest@1a84f40f]" started-at="2022-08-07T10:35:46 EET" name="GooglePageTitle" finished-at="2022-08-07T10:35:46 EET" duration-ms="22" status="PASS">
          <reporter-output>
          </reporter-output>
        </test-method> <!-- GooglePageTitle -->
        <test-method is-config="true" signature="teardown()[pri:0, instance:testcases.GoogleMainPageTest@1a84f40f]" started-at="2022-08-07T10:35:46 EET" name="teardown" finished-at="2022-08-07T10:35:46 EET" duration-ms="456" status="PASS">
          <reporter-output>
          </reporter-output>
        </test-method> <!-- teardown -->
        <test-method is-config="true" signature="setup()[pri:0, instance:testcases.GoogleMainPageTest@1a84f40f]" started-at="2022-08-07T10:35:46 EET" name="setup" finished-at="2022-08-07T10:35:53 EET" duration-ms="6948" status="PASS">
          <reporter-output>
          </reporter-output>
        </test-method> <!-- setup -->
        <test-method signature="GoogleLogo()[pri:2, instance:testcases.GoogleMainPageTest@1a84f40f]" started-at="2022-08-07T10:35:53 EET" name="GoogleLogo" finished-at="2022-08-07T10:35:53 EET" duration-ms="128" status="PASS">
          <reporter-output>
          </reporter-output>
        </test-method> <!-- GoogleLogo -->
        <test-method is-config="true" signature="teardown()[pri:0, instance:testcases.GoogleMainPageTest@1a84f40f]" started-at="2022-08-07T10:35:53 EET" name="teardown" finished-at="2022-08-07T10:35:54 EET" duration-ms="434" status="PASS">
          <reporter-output>
          </reporter-output>
        </test-method> <!-- teardown -->
        <test-method signature="Searchingoogletest(java.lang.String)[pri:3, instance:testcases.GoogleMainPageTest@1a84f40f]" started-at="2022-08-07T10:35:54 EET" name="Searchingoogletest" data-provider="getdata" finished-at="2022-08-07T10:35:54 EET" duration-ms="0" status="SKIP">
          <exception class="java.lang.RuntimeException">
            <message>
              <![CDATA[org.apache.poi.EmptyFileException: The supplied file was empty (zero bytes long)]]>
            </message>
            <full-stacktrace>
              <![CDATA[java.lang.RuntimeException: org.apache.poi.EmptyFileException: The supplied file was empty (zero bytes long)
at org.testng.internal.MethodInvocationHelper.invokeMethodNoCheckedException(MethodInvocationHelper.java:50)
at org.testng.internal.MethodInvocationHelper.invokeDataProvider(MethodInvocationHelper.java:146)
at org.testng.internal.Parameters.handleParameters(Parameters.java:798)
at org.testng.internal.Parameters.handleParameters(Parameters.java:740)
at org.testng.internal.ParameterHandler.handleParameters(ParameterHandler.java:59)
at org.testng.internal.ParameterHandler.createParameters(ParameterHandler.java:38)
at org.testng.internal.TestInvoker$MethodInvocationAgent.invoke(TestInvoker.java:791)
at org.testng.internal.TestInvoker.invokeTestMethods(TestInvoker.java:146)
at org.testng.internal.TestMethodWorker.invokeTestMethods(TestMethodWorker.java:146)
at org.testng.internal.TestMethodWorker.run(TestMethodWorker.java:128)
at java.base/java.util.ArrayList.forEach(ArrayList.java:1511)
at org.testng.TestRunner.privateRun(TestRunner.java:794)
at org.testng.TestRunner.run(TestRunner.java:596)
at org.testng.SuiteRunner.runTest(SuiteRunner.java:377)
at org.testng.SuiteRunner.runSequentially(SuiteRunner.java:371)
at org.testng.SuiteRunner.privateRun(SuiteRunner.java:332)
at org.testng.SuiteRunner.run(SuiteRunner.java:276)
at org.testng.SuiteRunnerWorker.runSuite(SuiteRunnerWorker.java:53)
at org.testng.SuiteRunnerWorker.run(SuiteRunnerWorker.java:96)
at org.testng.TestNG.runSuitesSequentially(TestNG.java:1212)
at org.testng.TestNG.runSuitesLocally(TestNG.java:1134)
at org.testng.TestNG.runSuites(TestNG.java:1063)
at org.testng.TestNG.run(TestNG.java:1031)
at com.intellij.rt.testng.IDEARemoteTestNG.run(IDEARemoteTestNG.java:66)
at com.intellij.rt.testng.RemoteTestNGStarter.main(RemoteTestNGStarter.java:109)
Caused by: org.apache.poi.EmptyFileException: The supplied file was empty (zero bytes long)
at org.apache.poi.ss.usermodel.WorkbookFactory.create(WorkbookFactory.java:218)
at org.apache.poi.ss.usermodel.WorkbookFactory.create(WorkbookFactory.java:185)
at util.TestUtility.gettestdata(TestUtility.java:33)
at testcases.GoogleMainPageTest.getdata(GoogleMainPageTest.java:53)
at java.base/jdk.internal.reflect.DirectMethodHandleAccessor.invoke(DirectMethodHandleAccessor.java:104)
at java.base/java.lang.reflect.Method.invoke(Method.java:577)
at org.testng.internal.MethodInvocationHelper.invokeMethod(MethodInvocationHelper.java:133)
at org.testng.internal.MethodInvocationHelper.invokeMethod(MethodInvocationHelper.java:77)
at org.testng.internal.MethodInvocationHelper.invokeMethodNoCheckedException(MethodInvocationHelper.java:46)
... 24 more
]]>
            </full-stacktrace>
          </exception> <!-- java.lang.RuntimeException -->
          <reporter-output>
          </reporter-output>
        </test-method> <!-- Searchingoogletest -->
      </class> <!-- testcases.GoogleMainPageTest -->
      <class name="testcases.GooglePageThreeTest">
        <test-method is-config="true" signature="setup()[pri:0, instance:testcases.GooglePageThreeTest@4b44655e]" started-at="2022-08-07T10:36:33 EET" name="setup" finished-at="2022-08-07T10:36:58 EET" duration-ms="25383" status="PASS">
          <reporter-output>
          </reporter-output>
        </test-method> <!-- setup -->
        <test-method signature="pagenumbervalidation()[pri:0, instance:testcases.GooglePageThreeTest@4b44655e]" started-at="2022-08-07T10:36:58 EET" name="pagenumbervalidation" finished-at="2022-08-07T10:36:58 EET" duration-ms="172" status="PASS">
          <reporter-output>
          </reporter-output>
        </test-method> <!-- pagenumbervalidation -->
        <test-method is-config="true" signature="teardown()[pri:0, instance:testcases.GooglePageThreeTest@4b44655e]" started-at="2022-08-07T10:36:58 EET" name="teardown" finished-at="2022-08-07T10:36:59 EET" duration-ms="497" status="PASS">
          <reporter-output>
          </reporter-output>
        </test-method> <!-- teardown -->
      </class> <!-- testcases.GooglePageThreeTest -->
      <class name="testcases.GoogleSearchResultTest">
        <test-method is-config="true" signature="setup()[pri:0, instance:testcases.GoogleSearchResultTest@2aa3cd93]" started-at="2022-08-07T10:35:54 EET" name="setup" finished-at="2022-08-07T10:36:03 EET" duration-ms="9132" status="PASS">
          <reporter-output>
          </reporter-output>
        </test-method> <!-- setup -->
        <test-method signature="scrollandnextpage()[pri:0, instance:testcases.GoogleSearchResultTest@2aa3cd93]" started-at="2022-08-07T10:36:03 EET" name="scrollandnextpage" finished-at="2022-08-07T10:36:06 EET" duration-ms="2923" status="PASS">
          <reporter-output>
          </reporter-output>
        </test-method> <!-- scrollandnextpage -->
        <test-method is-config="true" signature="teardown()[pri:0, instance:testcases.GoogleSearchResultTest@2aa3cd93]" started-at="2022-08-07T10:36:06 EET" name="teardown" finished-at="2022-08-07T10:36:06 EET" duration-ms="514" status="PASS">
          <reporter-output>
          </reporter-output>
        </test-method> <!-- teardown -->
      </class> <!-- testcases.GoogleSearchResultTest -->
      <class name="testcases.GooglePageTwoTest">
        <test-method is-config="true" signature="setup()[pri:0, instance:testcases.GooglePageTwoTest@7ea37dbf]" started-at="2022-08-07T10:36:06 EET" name="setup" finished-at="2022-08-07T10:36:17 EET" duration-ms="11378" status="PASS">
          <reporter-output>
          </reporter-output>
        </test-method> <!-- setup -->
        <test-method signature="countlinksonpage()[pri:1, instance:testcases.GooglePageTwoTest@7ea37dbf]" started-at="2022-08-07T10:36:17 EET" name="countlinksonpage" finished-at="2022-08-07T10:36:18 EET" duration-ms="50" status="PASS">
          <reporter-output>
          </reporter-output>
        </test-method> <!-- countlinksonpage -->
        <test-method is-config="true" signature="teardown()[pri:0, instance:testcases.GooglePageTwoTest@7ea37dbf]" started-at="2022-08-07T10:36:18 EET" name="teardown" finished-at="2022-08-07T10:36:18 EET" duration-ms="590" status="PASS">
          <reporter-output>
          </reporter-output>
        </test-method> <!-- teardown -->
        <test-method is-config="true" signature="setup()[pri:0, instance:testcases.GooglePageTwoTest@7ea37dbf]" started-at="2022-08-07T10:36:18 EET" name="setup" finished-at="2022-08-07T10:36:30 EET" duration-ms="12355" status="PASS">
          <reporter-output>
          </reporter-output>
        </test-method> <!-- setup -->
        <test-method signature="scrollandnextpage()[pri:2, instance:testcases.GooglePageTwoTest@7ea37dbf]" started-at="2022-08-07T10:36:30 EET" name="scrollandnextpage" finished-at="2022-08-07T10:36:32 EET" duration-ms="1651" status="PASS">
          <reporter-output>
          </reporter-output>
        </test-method> <!-- scrollandnextpage -->
        <test-method is-config="true" signature="teardown()[pri:0, instance:testcases.GooglePageTwoTest@7ea37dbf]" started-at="2022-08-07T10:36:32 EET" name="teardown" finished-at="2022-08-07T10:36:33 EET" duration-ms="529" status="PASS">
          <reporter-output>
          </reporter-output>
        </test-method> <!-- teardown -->
      </class> <!-- testcases.GooglePageTwoTest -->
    </test> <!-- automation task test cases -->
  </suite> <!-- Google Search automation app -->
</testng-results>
